<?xml version="1.0" encoding="UTF-8"?>
<testng-results ignored="0" total="1" passed="1" failed="0" skipped="0">
  <reporter-output>
  </reporter-output>
  <suite started-at="2021-04-01T08:17:31Z" name="Default suite" finished-at="2021-04-01T08:17:31Z" duration-ms="57">
    <groups>
    </groups>
    <test started-at="2021-04-01T08:17:31Z" name="Default test" finished-at="2021-04-01T08:17:31Z" duration-ms="57">
      <class name="neou.NewTestNG">
        <test-method signature="f()[pri:0, instance:neou.NewTestNG@74e52ef6]" started-at="2021-04-01T08:17:31Z" name="f" finished-at="2021-04-01T08:17:31Z" duration-ms="17" status="PASS">
          <reporter-output>
          </reporter-output>
        </test-method> <!-- f -->
      </class> <!-- neou.NewTestNG -->
    </test> <!-- Default test -->
  </suite> <!-- Default suite -->
</testng-results>
