<?xml version="1.0" encoding="UTF-8"?>
<testng-results ignored="0" total="2" passed="2" failed="0" skipped="0">
  <reporter-output>
  </reporter-output>
  <suite started-at="2021-04-19T10:26:44Z" name="Default suite" finished-at="2021-04-19T10:31:42Z" duration-ms="297366">
    <groups>
    </groups>
    <test started-at="2021-04-19T10:26:44Z" name="Default test" finished-at="2021-04-19T10:31:42Z" duration-ms="297366">
      <class name="neou.AccountPage">
        <test-method is-config="true" signature="setUp()[pri:0, instance:neou.AccountPage@ba2f4ec]" started-at="2021-04-19T10:26:44Z" name="setUp" finished-at="2021-04-19T10:26:53Z" duration-ms="8226" status="PASS">
          <reporter-output>
          </reporter-output>
        </test-method> <!-- setUp -->
        <test-method signature="testAccount()[pri:0, instance:neou.AccountPage@ba2f4ec]" started-at="2021-04-19T10:26:53Z" name="testAccount" description="Validate User can log in with valid credentials and read the User Name from Home page" finished-at="2021-04-19T10:29:52Z" duration-ms="179670" status="PASS">
          <reporter-output>
          </reporter-output>
        </test-method> <!-- testAccount -->
        <test-method is-config="true" signature="tearDown()[pri:0, instance:neou.AccountPage@ba2f4ec]" started-at="2021-04-19T10:29:52Z" name="tearDown" finished-at="2021-04-19T10:29:58Z" duration-ms="5604" status="PASS">
          <reporter-output>
          </reporter-output>
        </test-method> <!-- tearDown -->
        <test-method is-config="true" signature="setUp()[pri:0, instance:neou.AccountPage@ba2f4ec]" started-at="2021-04-19T10:29:58Z" name="setUp" finished-at="2021-04-19T10:30:05Z" duration-ms="7389" status="PASS">
          <reporter-output>
          </reporter-output>
        </test-method> <!-- setUp -->
        <test-method signature="testFitness()[pri:0, instance:neou.AccountPage@ba2f4ec]" started-at="2021-04-19T10:30:05Z" name="testFitness" description="Validate User can log in with valid credentials and read the User Name from Home page" finished-at="2021-04-19T10:31:36Z" duration-ms="90255" status="PASS">
          <reporter-output>
          </reporter-output>
        </test-method> <!-- testFitness -->
        <test-method is-config="true" signature="tearDown()[pri:0, instance:neou.AccountPage@ba2f4ec]" started-at="2021-04-19T10:31:36Z" name="tearDown" finished-at="2021-04-19T10:31:42Z" duration-ms="6159" status="PASS">
          <reporter-output>
          </reporter-output>
        </test-method> <!-- tearDown -->
      </class> <!-- neou.AccountPage -->
    </test> <!-- Default test -->
  </suite> <!-- Default suite -->
</testng-results>
