<?xml version="1.0" encoding="UTF-8"?>
<testng-results ignored="0" total="1" passed="1" failed="0" skipped="0">
  <reporter-output>
  </reporter-output>
  <suite started-at="2021-04-16T09:19:53Z" name="Default suite" finished-at="2021-04-16T09:21:03Z" duration-ms="70313">
    <groups>
    </groups>
    <test started-at="2021-04-16T09:19:53Z" name="Default test" finished-at="2021-04-16T09:21:03Z" duration-ms="70313">
      <class name="neou.AccountPage">
        <test-method is-config="true" signature="setUp()[pri:0, instance:neou.AccountPage@49438269]" started-at="2021-04-16T09:19:53Z" name="setUp" finished-at="2021-04-16T09:20:01Z" duration-ms="8328" status="PASS">
          <reporter-output>
          </reporter-output>
        </test-method> <!-- setUp -->
        <test-method signature="testUntitled()[pri:0, instance:neou.AccountPage@49438269]" started-at="2021-04-16T09:20:01Z" name="testUntitled" description="Validate User can log in with valid credentials and read the User Name from Home page" finished-at="2021-04-16T09:20:57Z" duration-ms="56093" status="PASS">
          <reporter-output>
          </reporter-output>
        </test-method> <!-- testUntitled -->
        <test-method is-config="true" signature="tearDown()[pri:0, instance:neou.AccountPage@49438269]" started-at="2021-04-16T09:20:57Z" name="tearDown" finished-at="2021-04-16T09:21:03Z" duration-ms="5842" status="PASS">
          <reporter-output>
          </reporter-output>
        </test-method> <!-- tearDown -->
      </class> <!-- neou.AccountPage -->
    </test> <!-- Default test -->
  </suite> <!-- Default suite -->
</testng-results>
