<?xml version="1.0" encoding="UTF-8"?>
<testng-results ignored="0" total="1" passed="1" failed="0" skipped="0">
  <reporter-output>
  </reporter-output>
  <suite started-at="2021-04-20T08:34:08Z" name="Default suite" finished-at="2021-04-20T08:36:06Z" duration-ms="117472">
    <groups>
    </groups>
    <test started-at="2021-04-20T08:34:08Z" name="Default test" finished-at="2021-04-20T08:36:06Z" duration-ms="117472">
      <class name="neou.NeouSearch">
        <test-method is-config="true" signature="setUp()[pri:0, instance:neou.NeouSearch@49438269]" started-at="2021-04-20T08:34:08Z" name="setUp" finished-at="2021-04-20T08:34:16Z" duration-ms="7830" status="PASS">
          <reporter-output>
          </reporter-output>
        </test-method> <!-- setUp -->
        <test-method signature="testSearch()[pri:0, instance:neou.NeouSearch@49438269]" started-at="2021-04-20T08:34:16Z" name="testSearch" description="Validate search functionality and Add to list" finished-at="2021-04-20T08:35:56Z" duration-ms="100203" status="PASS">
          <reporter-output>
          </reporter-output>
        </test-method> <!-- testSearch -->
        <test-method is-config="true" signature="tearDown()[pri:0, instance:neou.NeouSearch@49438269]" started-at="2021-04-20T08:35:56Z" name="tearDown" finished-at="2021-04-20T08:36:06Z" duration-ms="9399" status="PASS">
          <reporter-output>
          </reporter-output>
        </test-method> <!-- tearDown -->
      </class> <!-- neou.NeouSearch -->
    </test> <!-- Default test -->
  </suite> <!-- Default suite -->
</testng-results>
